<?xml version="1.0" encoding="UTF-8"?>
<!-- Generated by org.testng.reporters.JUnitReportReporter -->
<testsuite skipped="0" hostname="DESKTOP-DN11VA2" name="com.tesNG.Practice3" tests="5" failures="0" timestamp="28 Jan 2021 02:30:20 GMT" time="0.014" errors="0">
  <testcase name="parkedatParking" time="0.010" classname="com.tesNG.Practice3"/>
  <testcase name="opencarDoor" time="0.001" classname="com.tesNG.Practice3"/>
  <testcase name="stopAtLights" time="0.001" classname="com.tesNG.Practice3"/>
  <testcase name="speedUP" time="0.001" classname="com.tesNG.Practice3"/>
  <testcase name="startCar" time="0.001" classname="com.tesNG.Practice3"/>
</testsuite> <!-- com.tesNG.Practice3 -->
