<?xml version="1.0" encoding="UTF-8"?>
<!-- Generated by org.testng.reporters.JUnitReportReporter -->
<testsuite hostname="LAPTOP-1E5OSFLE" name="com.tesNG.LoginTest" tests="2" failures="0" timestamp="31 Jan 2021 02:23:01 GMT" time="63.917" errors="0">
  <testcase name="loginPage" time="23.979" classname="com.tesNG.LoginTest"/>
  <testcase name="loginPage" time="39.938" classname="com.tesNG.LoginTest"/>
</testsuite> <!-- com.tesNG.LoginTest -->
