<?xml version="1.0" encoding="UTF-8"?>
<!-- Generated by org.testng.reporters.JUnitReportReporter -->
<testsuite skipped="0" hostname="DESKTOP-DN11VA2" name="com.tesNG.LoginTest" tests="1" failures="0" timestamp="28 Jan 2021 16:02:52 GMT" time="9.138" errors="0">
  <testcase name="loginPage" time="9.138" classname="com.tesNG.LoginTest"/>
</testsuite> <!-- com.tesNG.LoginTest -->
