<?xml version="1.0" encoding="UTF-8"?>
<!-- Generated by org.testng.reporters.JUnitReportReporter -->
<testsuite hostname="LAPTOP-1E5OSFLE" name="com.tesNG.Sample5Test" tests="2" failures="0" timestamp="31 Jan 2021 02:11:03 GMT" time="92.733" errors="0">
  <testcase name="wePageTile" time="12.300" classname="com.tesNG.Sample5Test"/>
  <testcase name="loginCRM" time="80.433" classname="com.tesNG.Sample5Test"/>
</testsuite> <!-- com.tesNG.Sample5Test -->
