<?xml version="1.0" encoding="UTF-8"?>
<!-- Generated by org.testng.reporters.JUnitReportReporter -->
<testsuite hostname="LAPTOP-1E5OSFLE" name="com.tesNG.Sample3Test" tests="5" failures="0" timestamp="31 Jan 2021 02:47:42 GMT" time="0.006" errors="0">
  <testcase name="startCar" time="0.003" classname="com.tesNG.Sample3Test"/>
  <testcase name="stopAtLights" time="0.001" classname="com.tesNG.Sample3Test"/>
  <testcase name="speedUP" time="0.000" classname="com.tesNG.Sample3Test"/>
  <testcase name="parkedatParking" time="0.001" classname="com.tesNG.Sample3Test"/>
  <testcase name="opencarDoor" time="0.001" classname="com.tesNG.Sample3Test"/>
</testsuite> <!-- com.tesNG.Sample3Test -->
