<?xml version="1.0" encoding="UTF-8"?>
<!-- Generated by org.testng.reporters.JUnitReportReporter -->
<testsuite hostname="LAPTOP-1E5OSFLE" name="com.tesNG.Sample5Test" tests="2" failures="0" timestamp="31 Jan 2021 02:47:42 GMT" time="44.444" errors="0">
  <testcase name="loginCRM" time="28.481" classname="com.tesNG.Sample5Test"/>
  <testcase name="wePageTile" time="15.963" classname="com.tesNG.Sample5Test"/>
</testsuite> <!-- com.tesNG.Sample5Test -->
