<?xml version="1.0" encoding="UTF-8"?>
<!-- Generated by org.testng.reporters.JUnitReportReporter -->
<testsuite skipped="0" hostname="DESKTOP-DN11VA2" name="com.tesNG.Practice2" tests="4" failures="0" timestamp="28 Jan 2021 02:16:15 GMT" time="0.010" errors="0">
  <testcase name="watermelon" time="0.007" classname="com.tesNG.Practice2"/>
  <testcase name="carrot" time="0.001" classname="com.tesNG.Practice2"/>
  <testcase name="apple" time="0.001" classname="com.tesNG.Practice2"/>
  <testcase name="orange" time="0.001" classname="com.tesNG.Practice2"/>
</testsuite> <!-- com.tesNG.Practice2 -->
