<?xml version="1.0" encoding="UTF-8"?>
<!-- Generated by org.testng.reporters.JUnitReportReporter -->
<testsuite hostname="LAPTOP-1E5OSFLE" name="com.tesNG.LoginTest" tests="2" failures="0" timestamp="31 Jan 2021 02:47:42 GMT" time="79.266" errors="0">
  <testcase name="loginPage" time="35.853" classname="com.tesNG.LoginTest"/>
  <testcase name="loginPage" time="43.413" classname="com.tesNG.LoginTest"/>
</testsuite> <!-- com.tesNG.LoginTest -->
