<?xml version="1.0" encoding="UTF-8"?>
<!-- Generated by org.testng.reporters.JUnitReportReporter -->
<testsuite hostname="LAPTOP-1E5OSFLE" name="com.tesNG.Sample2Test" tests="4" failures="0" timestamp="31 Jan 2021 02:47:42 GMT" time="0.003" errors="0">
  <testcase name="carrot" time="0.000" classname="com.tesNG.Sample2Test"/>
  <testcase name="watermelon" time="0.001" classname="com.tesNG.Sample2Test"/>
  <testcase name="apple" time="0.001" classname="com.tesNG.Sample2Test"/>
  <testcase name="orange" time="0.001" classname="com.tesNG.Sample2Test"/>
</testsuite> <!-- com.tesNG.Sample2Test -->
