<?xml version="1.0" encoding="UTF-8"?>
<!-- Generated by org.testng.reporters.JUnitReportReporter -->
<testsuite hostname="LAPTOP-1E5OSFLE" name="com.tesNG.Sample6Test" tests="1" failures="0" timestamp="31 Jan 2021 02:47:42 GMT" time="24.035" errors="0">
  <testcase name="wePageTile" time="24.035" classname="com.tesNG.Sample6Test"/>
</testsuite> <!-- com.tesNG.Sample6Test -->
