<?xml version="1.0" encoding="UTF-8"?>
<!-- Generated by org.testng.reporters.JUnitReportReporter -->
<testsuite skipped="0" hostname="DESKTOP-DN11VA2" name="com.tesNG.Practic1" tests="1" failures="0" timestamp="27 Jan 2021 02:57:20 GMT" time="0.004" errors="0">
  <testcase name="third" time="0.004" classname="com.tesNG.Practic1"/>
</testsuite> <!-- com.tesNG.Practic1 -->
