<?xml version="1.0" encoding="UTF-8"?>
<!-- Generated by org.testng.reporters.JUnitReportReporter -->
<testsuite hostname="LAPTOP-1E5OSFLE" name="com.tesNG.Sample4Test" tests="1" failures="0" timestamp="31 Jan 2021 02:47:42 GMT" time="0.001" errors="0">
  <testcase name="third" time="0.001" classname="com.tesNG.Sample4Test"/>
</testsuite> <!-- com.tesNG.Sample4Test -->
