<?xml version="1.0" encoding="UTF-8"?>
<!-- Generated by org.testng.reporters.JUnitReportReporter -->
<testsuite skipped="0" hostname="DESKTOP-DN11VA2" name="com.tesNG.Sample6Test" tests="1" failures="0" timestamp="01 Feb 2021 02:16:44 GMT" time="5.361" errors="0">
  <testcase name="wePageTile" time="5.361" classname="com.tesNG.Sample6Test"/>
</testsuite> <!-- com.tesNG.Sample6Test -->
